c:\users\user\privatework\visual_studio\cpptextadvgamemkii\cpptextadvgame\debug\vc120.pdb
c:\users\user\privatework\visual_studio\cpptextadvgamemkii\cpptextadvgame\debug\vc120.idb
c:\users\user\privatework\visual_studio\cpptextadvgamemkii\cpptextadvgame\debug\inputcallback.obj
c:\users\user\privatework\visual_studio\cpptextadvgamemkii\cpptextadvgame\debug\main.obj
c:\users\user\privatework\visual_studio\cpptextadvgamemkii\cpptextadvgame\debug\game.obj
c:\users\user\privatework\visual_studio\cpptextadvgamemkii\cpptextadvgame\debug\console.obj
c:\users\user\privatework\visual_studio\cpptextadvgamemkii\cpptextadvgame\debug\attackcallback.obj
c:\users\user\privatework\visual_studio\cpptextadvgamemkii\cpptextadvgame\debug\commandanalyser.obj
c:\users\user\privatework\visual_studio\cpptextadvgamemkii\cpptextadvgame\debug\movecallback.obj
c:\users\user\privatework\visual_studio\cpptextadvgamemkii\cpptextadvgame\debug\gamecallback.obj
c:\users\user\privatework\visual_studio\cpptextadvgamemkii\cpptextadvgame\debug\movementsystem.obj
c:\users\user\privatework\visual_studio\cpptextadvgamemkii\cpptextadvgame\debug\positioncomponent.obj
c:\users\user\privatework\visual_studio\cpptextadvgamemkii\cpptextadvgame\debug\velocitycomponent.obj
c:\users\user\privatework\visual_studio\cpptextadvgamemkii\cpptextadvgame\debug\room.obj
c:\users\user\privatework\visual_studio\cpptextadvgamemkii\cpptextadvgame\debug\roommovementcomponent.obj
c:\users\user\privatework\visual_studio\cpptextadvgamemkii\cpptextadvgame\debug\player.obj
c:\users\user\privatework\visual_studio\cpptextadvgamemkii\debug\cpptextadvgame.ilk
c:\users\user\privatework\visual_studio\cpptextadvgamemkii\debug\cpptextadvgame.exe
c:\users\user\privatework\visual_studio\cpptextadvgamemkii\debug\cpptextadvgame.pdb
c:\users\user\privatework\visual_studio\cpptextadvgamemkii\cpptextadvgame\debug\cpptextadvgame.tlog\cl.command.1.tlog
c:\users\user\privatework\visual_studio\cpptextadvgamemkii\cpptextadvgame\debug\cpptextadvgame.tlog\cl.read.1.tlog
c:\users\user\privatework\visual_studio\cpptextadvgamemkii\cpptextadvgame\debug\cpptextadvgame.tlog\cl.write.1.tlog
c:\users\user\privatework\visual_studio\cpptextadvgamemkii\cpptextadvgame\debug\cpptextadvgame.tlog\link.command.1.tlog
c:\users\user\privatework\visual_studio\cpptextadvgamemkii\cpptextadvgame\debug\cpptextadvgame.tlog\link.read.1.tlog
c:\users\user\privatework\visual_studio\cpptextadvgamemkii\cpptextadvgame\debug\cpptextadvgame.tlog\link.write.1.tlog
