Build started 02/12/2013 11:07:50.
     1>Project "C:\Users\User\privateWork\visual_studio\CppTextAdvGameMkII\CppTextAdvGame\CppTextAdvGame.vcxproj" on node 2 (Build target(s)).
     1>ClCompile:
         C:\Program Files (x86)\Microsoft Visual Studio 12.0\VC\bin\CL.exe /c /IC:\Users\User\privateWork\visual_studio\CppTextAdvGameMkII\CppTextAdvGame /IC:\Users\User\privateWork\visual_studio\CppTextAdvGameMkII\CppTextAdvGame\Artemis /ZI /nologo /W3 /WX- /sdl /Od /Oy- /D _MBCS /Gm /EHsc /RTC1 /MDd /GS /fp:precise /Zc:wchar_t /Zc:forScope /Fo"Debug\\" /Fd"Debug\vc120.pdb" /Gd /TP /analyze- /errorReport:prompt CommandAnalyser.cpp Game.cpp MovementSystem.cpp RoomMovementComponent.cpp
         RoomMovementComponent.cpp
         MovementSystem.cpp
         Game.cpp
         CommandAnalyser.cpp
         Generating Code...
       Link:
         C:\Program Files (x86)\Microsoft Visual Studio 12.0\VC\bin\link.exe /ERRORREPORT:PROMPT /OUT:"C:\Users\User\privateWork\visual_studio\CppTextAdvGameMkII\Debug\CppTextAdvGame.exe" /INCREMENTAL /NOLOGO /LIBPATH:C:\Users\User\privateWork\visual_studio\CppTextAdvGameMkII\CppTextAdvGame ArtemisCpp.lib kernel32.lib user32.lib gdi32.lib winspool.lib comdlg32.lib advapi32.lib shell32.lib ole32.lib oleaut32.lib uuid.lib odbc32.lib odbccp32.lib /MANIFEST /MANIFESTUAC:"level='asInvoker' uiAccess='false'" /manifest:embed /DEBUG /PDB:"C:\Users\User\privateWork\visual_studio\CppTextAdvGameMkII\Debug\CppTextAdvGame.pdb" /TLBID:1 /DYNAMICBASE /NXCOMPAT /IMPLIB:"C:\Users\User\privateWork\visual_studio\CppTextAdvGameMkII\Debug\CppTextAdvGame.lib" /MACHINE:X86 Debug\CommandAnalyser.obj
         Debug\Console.obj
         Debug\Game.obj
         Debug\GameCallback.obj
         Debug\InputCallback.obj
         Debug\main.obj
         Debug\RoomMovementComponent.obj
         Debug\MovementSystem.obj
         Debug\PositionComponent.obj
         Debug\Room.obj
         ArtemisCpp.lib
     1>ArtemisCpp.lib(Component.obj) : warning LNK4099: PDB 'vc120.pdb' was not found with 'ArtemisCpp.lib(Component.obj)' or at 'C:\Users\User\privateWork\visual_studio\CppTextAdvGameMkII\Debug\vc120.pdb'; linking object as if no debug info
     1>ArtemisCpp.lib(ComponentType.obj) : warning LNK4099: PDB 'vc120.pdb' was not found with 'ArtemisCpp.lib(ComponentType.obj)' or at 'C:\Users\User\privateWork\visual_studio\CppTextAdvGameMkII\Debug\vc120.pdb'; linking object as if no debug info
     1>ArtemisCpp.lib(ComponentTypeManager.obj) : warning LNK4099: PDB 'vc120.pdb' was not found with 'ArtemisCpp.lib(ComponentTypeManager.obj)' or at 'C:\Users\User\privateWork\visual_studio\CppTextAdvGameMkII\Debug\vc120.pdb'; linking object as if no debug info
     1>ArtemisCpp.lib(Entity.obj) : warning LNK4099: PDB 'vc120.pdb' was not found with 'ArtemisCpp.lib(Entity.obj)' or at 'C:\Users\User\privateWork\visual_studio\CppTextAdvGameMkII\Debug\vc120.pdb'; linking object as if no debug info
     1>ArtemisCpp.lib(EntityManager.obj) : warning LNK4099: PDB 'vc120.pdb' was not found with 'ArtemisCpp.lib(EntityManager.obj)' or at 'C:\Users\User\privateWork\visual_studio\CppTextAdvGameMkII\Debug\vc120.pdb'; linking object as if no debug info
     1>ArtemisCpp.lib(EntityProcessingSystem.obj) : warning LNK4099: PDB 'vc120.pdb' was not found with 'ArtemisCpp.lib(EntityProcessingSystem.obj)' or at 'C:\Users\User\privateWork\visual_studio\CppTextAdvGameMkII\Debug\vc120.pdb'; linking object as if no debug info
     1>ArtemisCpp.lib(EntitySystem.obj) : warning LNK4099: PDB 'vc120.pdb' was not found with 'ArtemisCpp.lib(EntitySystem.obj)' or at 'C:\Users\User\privateWork\visual_studio\CppTextAdvGameMkII\Debug\vc120.pdb'; linking object as if no debug info
     1>ArtemisCpp.lib(GroupManager.obj) : warning LNK4099: PDB 'vc120.pdb' was not found with 'ArtemisCpp.lib(GroupManager.obj)' or at 'C:\Users\User\privateWork\visual_studio\CppTextAdvGameMkII\Debug\vc120.pdb'; linking object as if no debug info
     1>ArtemisCpp.lib(SystemBitManager.obj) : warning LNK4099: PDB 'vc120.pdb' was not found with 'ArtemisCpp.lib(SystemBitManager.obj)' or at 'C:\Users\User\privateWork\visual_studio\CppTextAdvGameMkII\Debug\vc120.pdb'; linking object as if no debug info
     1>ArtemisCpp.lib(SystemManager.obj) : warning LNK4099: PDB 'vc120.pdb' was not found with 'ArtemisCpp.lib(SystemManager.obj)' or at 'C:\Users\User\privateWork\visual_studio\CppTextAdvGameMkII\Debug\vc120.pdb'; linking object as if no debug info
     1>ArtemisCpp.lib(TagManager.obj) : warning LNK4099: PDB 'vc120.pdb' was not found with 'ArtemisCpp.lib(TagManager.obj)' or at 'C:\Users\User\privateWork\visual_studio\CppTextAdvGameMkII\Debug\vc120.pdb'; linking object as if no debug info
     1>ArtemisCpp.lib(World.obj) : warning LNK4099: PDB 'vc120.pdb' was not found with 'ArtemisCpp.lib(World.obj)' or at 'C:\Users\User\privateWork\visual_studio\CppTextAdvGameMkII\Debug\vc120.pdb'; linking object as if no debug info
         CppTextAdvGame.vcxproj -> C:\Users\User\privateWork\visual_studio\CppTextAdvGameMkII\Debug\CppTextAdvGame.exe
     1>Done Building Project "C:\Users\User\privateWork\visual_studio\CppTextAdvGameMkII\CppTextAdvGame\CppTextAdvGame.vcxproj" (Build target(s)).

Build succeeded.

Time Elapsed 00:00:04.78
